2021/06/07 16:16:12 [error] 16#16: *5 connect() failed (111: Connection refused) while connecting to upstream, client: 192.168.16.1, server: jberegon.42.fr, request: "GET / HTTP/1.1", upstream: "fastcgi://192.168.16.3:9000", host: "localhost"
2021/06/07 16:22:45 [error] 16#16: *5 FastCGI sent in stderr: "PHP message: PHP Fatal error:  Uncaught Error: Call to undefined function getenv_docker() in /var/www/html/wp-config.php:22
Stack trace:
#0 /var/www/html/wp-load.php(37): require_once()
#1 /var/www/html/wp-blog-header.php(13): require_once('/var/www/html/w...')
#2 /var/www/html/index.php(17): require('/var/www/html/w...')
#3 {main}
  thrown in /var/www/html/wp-config.php on line 22" while reading response header from upstream, client: 192.168.32.1, server: jberegon.42.fr, request: "GET / HTTP/1.1", upstream: "fastcgi://192.168.32.3:9000", host: "localhost"
2021/06/07 16:23:53 [error] 16#16: *9 FastCGI sent in stderr: "PHP message: PHP Fatal error:  Uncaught Error: Call to undefined function getenv_docker() in /var/www/html/wp-config.php:22
Stack trace:
#0 /var/www/html/wp-load.php(37): require_once()
#1 /var/www/html/wp-blog-header.php(13): require_once('/var/www/html/w...')
#2 /var/www/html/index.php(17): require('/var/www/html/w...')
#3 {main}
  thrown in /var/www/html/wp-config.php on line 22" while reading response header from upstream, client: 192.168.32.1, server: jberegon.42.fr, request: "GET / HTTP/1.1", upstream: "fastcgi://192.168.32.3:9000", host: "localhost"
2021/06/07 16:23:53 [error] 16#16: *9 FastCGI sent in stderr: "PHP message: PHP Fatal error:  Uncaught Error: Call to undefined function getenv_docker() in /var/www/html/wp-config.php:22
Stack trace:
#0 /var/www/html/wp-load.php(37): require_once()
#1 /var/www/html/wp-blog-header.php(13): require_once('/var/www/html/w...')
#2 /var/www/html/index.php(17): require('/var/www/html/w...')
#3 {main}
  thrown in /var/www/html/wp-config.php on line 22" while reading response header from upstream, client: 192.168.32.1, server: jberegon.42.fr, request: "GET / HTTP/1.1", upstream: "fastcgi://192.168.32.3:9000", host: "localhost"
2021/06/07 16:23:54 [error] 16#16: *9 FastCGI sent in stderr: "PHP message: PHP Fatal error:  Uncaught Error: Call to undefined function getenv_docker() in /var/www/html/wp-config.php:22
Stack trace:
#0 /var/www/html/wp-load.php(37): require_once()
#1 /var/www/html/wp-blog-header.php(13): require_once('/var/www/html/w...')
#2 /var/www/html/index.php(17): require('/var/www/html/w...')
#3 {main}
  thrown in /var/www/html/wp-config.php on line 22" while reading response header from upstream, client: 192.168.32.1, server: jberegon.42.fr, request: "GET / HTTP/1.1", upstream: "fastcgi://192.168.32.3:9000", host: "localhost"
2021/06/07 16:23:55 [error] 16#16: *9 FastCGI sent in stderr: "PHP message: PHP Fatal error:  Uncaught Error: Call to undefined function getenv_docker() in /var/www/html/wp-config.php:22
Stack trace:
#0 /var/www/html/wp-load.php(37): require_once()
#1 /var/www/html/wp-blog-header.php(13): require_once('/var/www/html/w...')
#2 /var/www/html/index.php(17): require('/var/www/html/w...')
#3 {main}
  thrown in /var/www/html/wp-config.php on line 22" while reading response header from upstream, client: 192.168.32.1, server: jberegon.42.fr, request: "GET / HTTP/1.1", upstream: "fastcgi://192.168.32.3:9000", host: "localhost"
2021/06/07 16:23:59 [error] 16#16: *9 FastCGI sent in stderr: "PHP message: PHP Fatal error:  Uncaught Error: Call to undefined function getenv_docker() in /var/www/html/wp-config.php:22
Stack trace:
#0 /var/www/html/wp-load.php(37): require_once()
#1 /var/www/html/wp-blog-header.php(13): require_once('/var/www/html/w...')
#2 /var/www/html/index.php(17): require('/var/www/html/w...')
#3 {main}
  thrown in /var/www/html/wp-config.php on line 22" while reading response header from upstream, client: 192.168.32.1, server: jberegon.42.fr, request: "GET / HTTP/1.1", upstream: "fastcgi://192.168.32.3:9000", host: "localhost"
2021/06/07 16:24:00 [error] 16#16: *9 FastCGI sent in stderr: "PHP message: PHP Fatal error:  Uncaught Error: Call to undefined function getenv_docker() in /var/www/html/wp-config.php:22
Stack trace:
#0 /var/www/html/wp-load.php(37): require_once()
#1 /var/www/html/wp-blog-header.php(13): require_once('/var/www/html/w...')
#2 /var/www/html/index.php(17): require('/var/www/html/w...')
#3 {main}
  thrown in /var/www/html/wp-config.php on line 22" while reading response header from upstream, client: 192.168.32.1, server: jberegon.42.fr, request: "GET / HTTP/1.1", upstream: "fastcgi://192.168.32.3:9000", host: "localhost"
2021/06/07 16:27:25 [error] 17#17: *5 FastCGI sent in stderr: "PHP message: PHP Fatal error:  Uncaught Error: Call to undefined function getenv_docker() in /var/www/html/wp-config.php:22
Stack trace:
#0 /var/www/html/wp-load.php(37): require_once()
#1 /var/www/html/wp-blog-header.php(13): require_once('/var/www/html/w...')
#2 /var/www/html/index.php(17): require('/var/www/html/w...')
#3 {main}
  thrown in /var/www/html/wp-config.php on line 22" while reading response header from upstream, client: 192.168.48.1, server: jberegon.42.fr, request: "GET / HTTP/1.1", upstream: "fastcgi://192.168.48.3:9000", host: "localhost"
2021/06/07 16:27:33 [error] 17#17: *5 FastCGI sent in stderr: "PHP message: PHP Fatal error:  Uncaught Error: Call to undefined function getenv_docker() in /var/www/html/wp-config.php:22
Stack trace:
#0 /var/www/html/wp-load.php(37): require_once()
#1 /var/www/html/wp-blog-header.php(13): require_once('/var/www/html/w...')
#2 /var/www/html/index.php(17): require('/var/www/html/w...')
#3 {main}
  thrown in /var/www/html/wp-config.php on line 22" while reading response header from upstream, client: 192.168.48.1, server: jberegon.42.fr, request: "GET / HTTP/1.1", upstream: "fastcgi://192.168.48.3:9000", host: "localhost"
2021/06/07 16:28:10 [error] 17#17: *13 FastCGI sent in stderr: "PHP message: PHP Fatal error:  Uncaught Error: Call to undefined function getenv_docker() in /var/www/html/wp-config.php:22
Stack trace:
#0 /var/www/html/wp-load.php(37): require_once()
#1 /var/www/html/wp-blog-header.php(13): require_once('/var/www/html/w...')
#2 /var/www/html/index.php(17): require('/var/www/html/w...')
#3 {main}
  thrown in /var/www/html/wp-config.php on line 22" while reading response header from upstream, client: 192.168.48.1, server: jberegon.42.fr, request: "GET / HTTP/1.1", upstream: "fastcgi://192.168.48.3:9000", host: "127.0.0.1"
2021/06/07 16:35:44 [emerg] 1#1: open() "/etc/nginx/sites-enabled/server" failed (2: No such file or directory) in /etc/nginx/nginx.conf:62
2021/06/07 16:35:49 [emerg] 1#1: open() "/etc/nginx/sites-enabled/server" failed (2: No such file or directory) in /etc/nginx/nginx.conf:62
2021/06/07 16:35:54 [emerg] 1#1: open() "/etc/nginx/sites-enabled/server" failed (2: No such file or directory) in /etc/nginx/nginx.conf:62
2021/06/07 16:36:00 [emerg] 1#1: open() "/etc/nginx/sites-enabled/server" failed (2: No such file or directory) in /etc/nginx/nginx.conf:62
2021/06/07 16:36:06 [emerg] 1#1: open() "/etc/nginx/sites-enabled/server" failed (2: No such file or directory) in /etc/nginx/nginx.conf:62
2021/06/07 16:36:14 [emerg] 1#1: open() "/etc/nginx/sites-enabled/server" failed (2: No such file or directory) in /etc/nginx/nginx.conf:62
2021/06/07 16:36:22 [emerg] 1#1: open() "/etc/nginx/sites-enabled/server" failed (2: No such file or directory) in /etc/nginx/nginx.conf:62
2021/06/07 16:40:42 [error] 14#14: *6 FastCGI sent in stderr: "PHP message: PHP Fatal error:  Uncaught Error: Call to undefined function getenv_docker() in /var/www/html/wp-config.php:22
Stack trace:
#0 /var/www/html/wp-load.php(37): require_once()
#1 /var/www/html/wp-blog-header.php(13): require_once('/var/www/html/w...')
#2 /var/www/html/index.php(17): require('/var/www/html/w...')
#3 {main}
  thrown in /var/www/html/wp-config.php on line 22" while reading response header from upstream, client: 192.168.112.1, server: jberegon.42.fr, request: "GET / HTTP/1.1", upstream: "fastcgi://192.168.112.3:9000", host: "localhost"
2021/06/07 17:49:35 [error] 14#14: *5 FastCGI sent in stderr: "PHP message: PHP Fatal error:  Uncaught Error: Call to undefined function getenv_docker() in /var/www/html/wp-config.php:22
Stack trace:
#0 /var/www/html/wp-load.php(37): require_once()
#1 /var/www/html/wp-blog-header.php(13): require_once('/var/www/html/w...')
#2 /var/www/html/index.php(17): require('/var/www/html/w...')
#3 {main}
  thrown in /var/www/html/wp-config.php on line 22" while reading response header from upstream, client: 172.20.0.1, server: jberegon.42.fr, request: "GET / HTTP/1.1", upstream: "fastcgi://172.20.0.3:9000", host: "localhost"
2021/06/07 20:42:01 [emerg] 1#1: host not found in upstream "wordpress" in /etc/nginx/sites-enabled/default:24
2021/06/07 20:42:01 [emerg] 1#1: host not found in upstream "wordpress" in /etc/nginx/sites-enabled/default:24
2021/06/07 20:42:02 [emerg] 1#1: host not found in upstream "wordpress" in /etc/nginx/sites-enabled/default:24
2021/06/07 20:42:03 [emerg] 1#1: host not found in upstream "wordpress" in /etc/nginx/sites-enabled/default:24
2021/06/07 20:42:04 [emerg] 1#1: host not found in upstream "wordpress" in /etc/nginx/sites-enabled/default:24
2021/06/07 20:42:06 [emerg] 1#1: host not found in upstream "wordpress" in /etc/nginx/sites-enabled/default:24
2021/06/07 20:42:10 [emerg] 1#1: host not found in upstream "wordpress" in /etc/nginx/sites-enabled/default:24
2021/06/07 20:42:17 [emerg] 1#1: host not found in upstream "wordpress" in /etc/nginx/sites-enabled/default:24
2021/06/07 20:42:30 [emerg] 1#1: host not found in upstream "wordpress" in /etc/nginx/sites-enabled/default:24
2021/06/07 20:42:52 [emerg] 1#1: host not found in upstream "wordpress" in /etc/nginx/sites-enabled/default:24
2021/06/07 20:42:52 [emerg] 1#1: host not found in upstream "wordpress" in /etc/nginx/sites-enabled/default:24
2021/06/07 20:42:53 [emerg] 1#1: host not found in upstream "wordpress" in /etc/nginx/sites-enabled/default:24
2021/06/07 20:42:54 [emerg] 1#1: host not found in upstream "wordpress" in /etc/nginx/sites-enabled/default:24
2021/06/07 20:47:20 [notice] 1#1: using the "epoll" event method
2021/06/07 20:47:20 [notice] 1#1: nginx/1.21.0
2021/06/07 20:47:20 [notice] 1#1: built by gcc 8.3.0 (Debian 8.3.0-6) 
2021/06/07 20:47:20 [notice] 1#1: OS: Linux 4.19.121-linuxkit
2021/06/07 20:47:20 [notice] 1#1: getrlimit(RLIMIT_NOFILE): 1048576:1048576
2021/06/07 20:47:20 [notice] 1#1: start worker processes
2021/06/07 20:47:20 [notice] 1#1: start worker process 31
2021/06/07 20:47:20 [notice] 1#1: start worker process 32
2021/06/07 20:47:20 [notice] 1#1: start worker process 33
2021/06/07 20:57:50 [notice] 1#1: signal 3 (SIGQUIT) received, shutting down
2021/06/07 20:57:50 [notice] 32#32: gracefully shutting down
2021/06/07 20:57:50 [notice] 31#31: gracefully shutting down
2021/06/07 20:57:50 [notice] 31#31: exiting
2021/06/07 20:57:50 [notice] 33#33: gracefully shutting down
2021/06/07 20:57:50 [notice] 32#32: exiting
2021/06/07 20:57:50 [notice] 31#31: exit
2021/06/07 20:57:50 [notice] 33#33: exiting
2021/06/07 20:57:50 [notice] 32#32: exit
2021/06/07 20:57:50 [notice] 33#33: exit
2021/06/07 20:57:50 [notice] 1#1: signal 17 (SIGCHLD) received from 33
2021/06/07 20:57:50 [notice] 1#1: worker process 31 exited with code 0
2021/06/07 20:57:50 [notice] 1#1: worker process 33 exited with code 0
2021/06/07 20:57:50 [notice] 1#1: signal 29 (SIGIO) received
2021/06/07 20:57:50 [notice] 1#1: signal 17 (SIGCHLD) received from 31
2021/06/07 20:57:50 [notice] 1#1: signal 17 (SIGCHLD) received from 32
2021/06/07 20:57:50 [notice] 1#1: worker process 32 exited with code 0
2021/06/07 20:57:50 [notice] 1#1: exit
2021/06/07 20:58:00 [notice] 1#1: using the "epoll" event method
2021/06/07 20:58:00 [notice] 1#1: nginx/1.21.0
2021/06/07 20:58:00 [notice] 1#1: built by gcc 8.3.0 (Debian 8.3.0-6) 
2021/06/07 20:58:00 [notice] 1#1: OS: Linux 4.19.121-linuxkit
2021/06/07 20:58:00 [notice] 1#1: getrlimit(RLIMIT_NOFILE): 1048576:1048576
2021/06/07 20:58:00 [notice] 1#1: start worker processes
2021/06/07 20:58:00 [notice] 1#1: start worker process 31
2021/06/07 20:58:00 [notice] 1#1: start worker process 32
2021/06/07 20:58:00 [notice] 1#1: start worker process 33
2021/06/07 20:58:16 [notice] 1#1: signal 3 (SIGQUIT) received, shutting down
2021/06/07 20:58:16 [notice] 31#31: gracefully shutting down
2021/06/07 20:58:16 [notice] 33#33: gracefully shutting down
2021/06/07 20:58:16 [notice] 33#33: exiting
2021/06/07 20:58:16 [notice] 32#32: gracefully shutting down
2021/06/07 20:58:16 [notice] 31#31: exiting
2021/06/07 20:58:16 [notice] 33#33: exit
2021/06/07 20:58:16 [notice] 32#32: exiting
2021/06/07 20:58:16 [notice] 31#31: exit
2021/06/07 20:58:16 [notice] 32#32: exit
2021/06/07 20:58:16 [notice] 1#1: signal 17 (SIGCHLD) received from 33
2021/06/07 20:58:16 [notice] 1#1: worker process 33 exited with code 0
2021/06/07 20:58:16 [notice] 1#1: signal 29 (SIGIO) received
2021/06/07 20:58:16 [notice] 1#1: signal 17 (SIGCHLD) received from 31
2021/06/07 20:58:16 [notice] 1#1: worker process 31 exited with code 0
2021/06/07 20:58:16 [notice] 1#1: worker process 32 exited with code 0
2021/06/07 20:58:16 [notice] 1#1: exit
2021/06/07 20:59:02 [notice] 1#1: using the "epoll" event method
2021/06/07 20:59:02 [notice] 1#1: nginx/1.21.0
2021/06/07 20:59:02 [notice] 1#1: built by gcc 8.3.0 (Debian 8.3.0-6) 
2021/06/07 20:59:02 [notice] 1#1: OS: Linux 4.19.121-linuxkit
2021/06/07 20:59:02 [notice] 1#1: getrlimit(RLIMIT_NOFILE): 1048576:1048576
2021/06/07 20:59:02 [notice] 1#1: start worker processes
2021/06/07 20:59:02 [notice] 1#1: start worker process 32
2021/06/07 20:59:02 [notice] 1#1: start worker process 33
2021/06/07 20:59:02 [notice] 1#1: start worker process 34
2021/06/07 20:59:59 [notice] 1#1: signal 3 (SIGQUIT) received, shutting down
2021/06/07 20:59:59 [notice] 33#33: gracefully shutting down
2021/06/07 20:59:59 [notice] 32#32: gracefully shutting down
2021/06/07 20:59:59 [notice] 32#32: exiting
2021/06/07 20:59:59 [notice] 34#34: gracefully shutting down
2021/06/07 20:59:59 [notice] 33#33: exiting
2021/06/07 20:59:59 [notice] 32#32: exit
2021/06/07 20:59:59 [notice] 34#34: exiting
2021/06/07 20:59:59 [notice] 33#33: exit
2021/06/07 20:59:59 [notice] 34#34: exit
2021/06/07 20:59:59 [notice] 1#1: signal 17 (SIGCHLD) received from 32
2021/06/07 20:59:59 [notice] 1#1: worker process 32 exited with code 0
2021/06/07 20:59:59 [notice] 1#1: worker process 33 exited with code 0
2021/06/07 20:59:59 [notice] 1#1: signal 29 (SIGIO) received
2021/06/07 20:59:59 [notice] 1#1: signal 17 (SIGCHLD) received from 34
2021/06/07 20:59:59 [notice] 1#1: worker process 34 exited with code 0
2021/06/07 20:59:59 [notice] 1#1: exit
2021/06/07 21:04:08 [notice] 1#1: using the "epoll" event method
2021/06/07 21:04:08 [notice] 1#1: nginx/1.21.0
2021/06/07 21:04:08 [notice] 1#1: built by gcc 8.3.0 (Debian 8.3.0-6) 
2021/06/07 21:04:08 [notice] 1#1: OS: Linux 4.19.121-linuxkit
2021/06/07 21:04:08 [notice] 1#1: getrlimit(RLIMIT_NOFILE): 1048576:1048576
2021/06/07 21:04:08 [notice] 1#1: start worker processes
2021/06/07 21:04:08 [notice] 1#1: start worker process 31
2021/06/07 21:04:08 [notice] 1#1: start worker process 32
2021/06/07 21:04:08 [notice] 1#1: start worker process 33
2021/06/07 21:04:32 [notice] 1#1: signal 3 (SIGQUIT) received, shutting down
2021/06/07 21:04:32 [notice] 31#31: gracefully shutting down
2021/06/07 21:04:32 [notice] 31#31: exiting
2021/06/07 21:04:32 [notice] 32#32: gracefully shutting down
2021/06/07 21:04:32 [notice] 32#32: exiting
2021/06/07 21:04:32 [notice] 32#32: exit
2021/06/07 21:04:32 [notice] 33#33: gracefully shutting down
2021/06/07 21:04:32 [notice] 31#31: exit
2021/06/07 21:04:32 [notice] 33#33: exiting
2021/06/07 21:04:32 [notice] 33#33: exit
2021/06/07 21:04:32 [notice] 1#1: signal 17 (SIGCHLD) received from 31
2021/06/07 21:04:32 [notice] 1#1: worker process 31 exited with code 0
2021/06/07 21:04:32 [notice] 1#1: worker process 32 exited with code 0
2021/06/07 21:04:32 [notice] 1#1: signal 29 (SIGIO) received
2021/06/07 21:04:32 [notice] 1#1: signal 17 (SIGCHLD) received from 33
2021/06/07 21:04:32 [notice] 1#1: worker process 33 exited with code 0
2021/06/07 21:04:32 [notice] 1#1: exit
2021/06/07 21:06:43 [emerg] 1#1: host not found in upstream "wordpress" in /etc/nginx/sites-enabled/default:24
2021/06/07 21:06:43 [emerg] 1#1: host not found in upstream "wordpress" in /etc/nginx/sites-enabled/default:24
2021/06/07 21:06:44 [emerg] 1#1: host not found in upstream "wordpress" in /etc/nginx/sites-enabled/default:24
2021/06/07 21:06:45 [emerg] 1#1: host not found in upstream "wordpress" in /etc/nginx/sites-enabled/default:24
2021/06/07 21:06:46 [emerg] 1#1: host not found in upstream "wordpress" in /etc/nginx/sites-enabled/default:24
2021/06/07 21:06:48 [emerg] 1#1: host not found in upstream "wordpress" in /etc/nginx/sites-enabled/default:24
2021/06/07 21:06:52 [emerg] 1#1: host not found in upstream "wordpress" in /etc/nginx/sites-enabled/default:24
2021/06/08 01:26:15 [emerg] 1#1: host not found in upstream "wordpress" in /etc/nginx/sites-enabled/default:24
2021/06/08 01:26:16 [emerg] 1#1: host not found in upstream "wordpress" in /etc/nginx/sites-enabled/default:24
2021/06/08 01:26:16 [emerg] 1#1: host not found in upstream "wordpress" in /etc/nginx/sites-enabled/default:24
2021/06/08 01:26:17 [emerg] 1#1: host not found in upstream "wordpress" in /etc/nginx/sites-enabled/default:24
2021/06/08 01:26:19 [emerg] 1#1: host not found in upstream "wordpress" in /etc/nginx/sites-enabled/default:24
2021/06/08 01:26:53 [emerg] 1#1: host not found in upstream "wordpress" in /etc/nginx/sites-enabled/default:24
2021/06/08 01:26:54 [emerg] 1#1: host not found in upstream "wordpress" in /etc/nginx/sites-enabled/default:24
2021/06/08 01:26:54 [emerg] 1#1: host not found in upstream "wordpress" in /etc/nginx/sites-enabled/default:24
2021/06/08 01:26:55 [emerg] 1#1: host not found in upstream "wordpress" in /etc/nginx/sites-enabled/default:24
2021/06/08 01:26:57 [emerg] 1#1: host not found in upstream "wordpress" in /etc/nginx/sites-enabled/default:24
2021/06/08 01:26:59 [emerg] 1#1: host not found in upstream "wordpress" in /etc/nginx/sites-enabled/default:24
2021/06/08 01:28:03 [notice] 1#1: using the "epoll" event method
2021/06/08 01:28:03 [notice] 1#1: nginx/1.21.0
2021/06/08 01:28:03 [notice] 1#1: built by gcc 8.3.0 (Debian 8.3.0-6) 
2021/06/08 01:28:03 [notice] 1#1: OS: Linux 4.19.121-linuxkit
2021/06/08 01:28:03 [notice] 1#1: getrlimit(RLIMIT_NOFILE): 1048576:1048576
2021/06/08 01:28:03 [notice] 1#1: start worker processes
2021/06/08 01:28:03 [notice] 1#1: start worker process 33
2021/06/08 01:28:03 [notice] 1#1: start worker process 34
2021/06/08 01:28:03 [notice] 1#1: start worker process 35
2021/06/08 01:29:21 [notice] 1#1: signal 3 (SIGQUIT) received, shutting down
2021/06/08 01:29:21 [notice] 34#34: gracefully shutting down
2021/06/08 01:29:21 [notice] 35#35: gracefully shutting down
2021/06/08 01:29:21 [notice] 33#33: gracefully shutting down
2021/06/08 01:29:21 [notice] 34#34: exiting
2021/06/08 01:29:21 [notice] 35#35: exiting
2021/06/08 01:29:21 [notice] 33#33: exiting
2021/06/08 01:29:21 [notice] 34#34: exit
2021/06/08 01:29:21 [notice] 35#35: exit
2021/06/08 01:29:21 [notice] 33#33: exit
2021/06/08 01:29:21 [notice] 1#1: signal 17 (SIGCHLD) received from 34
2021/06/08 01:29:21 [notice] 1#1: worker process 33 exited with code 0
2021/06/08 01:29:21 [notice] 1#1: worker process 34 exited with code 0
2021/06/08 01:29:21 [notice] 1#1: worker process 35 exited with code 0
2021/06/08 01:29:21 [notice] 1#1: exit
2021/06/08 02:24:42 [notice] 1#1: using the "epoll" event method
2021/06/08 02:24:42 [notice] 1#1: nginx/1.21.0
2021/06/08 02:24:42 [notice] 1#1: built by gcc 8.3.0 (Debian 8.3.0-6) 
2021/06/08 02:24:42 [notice] 1#1: OS: Linux 4.19.121-linuxkit
2021/06/08 02:24:42 [notice] 1#1: getrlimit(RLIMIT_NOFILE): 1048576:1048576
2021/06/08 02:24:42 [notice] 1#1: start worker processes
2021/06/08 02:24:42 [notice] 1#1: start worker process 31
2021/06/08 02:24:42 [notice] 1#1: start worker process 32
2021/06/08 02:24:42 [notice] 1#1: start worker process 33
2021/06/08 02:27:02 [notice] 1#1: signal 3 (SIGQUIT) received, shutting down
2021/06/08 02:27:02 [notice] 31#31: gracefully shutting down
2021/06/08 02:27:02 [notice] 31#31: exiting
2021/06/08 02:27:02 [notice] 32#32: gracefully shutting down
2021/06/08 02:27:02 [notice] 32#32: exiting
2021/06/08 02:27:02 [notice] 33#33: gracefully shutting down
2021/06/08 02:27:02 [notice] 31#31: exit
2021/06/08 02:27:02 [notice] 32#32: exit
2021/06/08 02:27:02 [notice] 33#33: exiting
2021/06/08 02:27:02 [notice] 33#33: exit
2021/06/08 02:27:02 [notice] 1#1: signal 17 (SIGCHLD) received from 31
2021/06/08 02:27:02 [notice] 1#1: worker process 31 exited with code 0
2021/06/08 02:27:02 [notice] 1#1: signal 29 (SIGIO) received
2021/06/08 02:27:02 [notice] 1#1: signal 17 (SIGCHLD) received from 32
2021/06/08 02:27:02 [notice] 1#1: worker process 32 exited with code 0
2021/06/08 02:27:02 [notice] 1#1: signal 29 (SIGIO) received
2021/06/08 02:27:02 [notice] 1#1: signal 17 (SIGCHLD) received from 33
2021/06/08 02:27:02 [notice] 1#1: worker process 33 exited with code 0
2021/06/08 02:27:02 [notice] 1#1: exit
2021/06/08 02:27:47 [notice] 1#1: using the "epoll" event method
2021/06/08 02:27:47 [notice] 1#1: nginx/1.21.0
2021/06/08 02:27:47 [notice] 1#1: built by gcc 8.3.0 (Debian 8.3.0-6) 
2021/06/08 02:27:47 [notice] 1#1: OS: Linux 4.19.121-linuxkit
2021/06/08 02:27:47 [notice] 1#1: getrlimit(RLIMIT_NOFILE): 1048576:1048576
2021/06/08 02:27:47 [notice] 1#1: start worker processes
2021/06/08 02:27:47 [notice] 1#1: start worker process 32
2021/06/08 02:27:47 [notice] 1#1: start worker process 33
2021/06/08 02:27:47 [notice] 1#1: start worker process 34
2021/06/08 02:28:51 [notice] 1#1: signal 3 (SIGQUIT) received, shutting down
2021/06/08 02:28:51 [notice] 32#32: gracefully shutting down
2021/06/08 02:28:51 [notice] 33#33: gracefully shutting down
2021/06/08 02:28:51 [notice] 33#33: exiting
2021/06/08 02:28:51 [notice] 34#34: gracefully shutting down
2021/06/08 02:28:51 [notice] 32#32: exiting
2021/06/08 02:28:51 [notice] 32#32: exit
2021/06/08 02:28:51 [notice] 33#33: exit
2021/06/08 02:28:51 [notice] 34#34: exiting
2021/06/08 02:28:51 [notice] 34#34: exit
2021/06/08 02:28:51 [notice] 1#1: signal 17 (SIGCHLD) received from 32
2021/06/08 02:28:51 [notice] 1#1: worker process 32 exited with code 0
2021/06/08 02:28:51 [notice] 1#1: worker process 33 exited with code 0
2021/06/08 02:28:51 [notice] 1#1: signal 29 (SIGIO) received
2021/06/08 02:28:51 [notice] 1#1: signal 17 (SIGCHLD) received from 33
2021/06/08 02:28:51 [notice] 1#1: signal 17 (SIGCHLD) received from 34
2021/06/08 02:28:51 [notice] 1#1: worker process 34 exited with code 0
2021/06/08 02:28:51 [notice] 1#1: exit
2021/06/08 02:29:41 [notice] 1#1: using the "epoll" event method
2021/06/08 02:29:41 [notice] 1#1: nginx/1.21.0
2021/06/08 02:29:41 [notice] 1#1: built by gcc 8.3.0 (Debian 8.3.0-6) 
2021/06/08 02:29:41 [notice] 1#1: OS: Linux 4.19.121-linuxkit
2021/06/08 02:29:41 [notice] 1#1: getrlimit(RLIMIT_NOFILE): 1048576:1048576
2021/06/08 02:29:41 [notice] 1#1: start worker processes
2021/06/08 02:29:41 [notice] 1#1: start worker process 31
2021/06/08 02:29:41 [notice] 1#1: start worker process 32
2021/06/08 02:29:41 [notice] 1#1: start worker process 33
2021/06/08 02:29:54 [notice] 1#1: signal 3 (SIGQUIT) received, shutting down
2021/06/08 02:29:54 [notice] 32#32: gracefully shutting down
2021/06/08 02:29:54 [notice] 32#32: exiting
2021/06/08 02:29:54 [notice] 31#31: gracefully shutting down
2021/06/08 02:29:54 [notice] 31#31: exiting
2021/06/08 02:29:54 [notice] 33#33: gracefully shutting down
2021/06/08 02:29:54 [notice] 32#32: exit
2021/06/08 02:29:54 [notice] 31#31: exit
2021/06/08 02:29:54 [notice] 33#33: exiting
2021/06/08 02:29:54 [notice] 33#33: exit
2021/06/08 02:29:54 [notice] 1#1: signal 17 (SIGCHLD) received from 32
2021/06/08 02:29:54 [notice] 1#1: worker process 32 exited with code 0
2021/06/08 02:29:54 [notice] 1#1: signal 29 (SIGIO) received
2021/06/08 02:29:54 [notice] 1#1: signal 17 (SIGCHLD) received from 31
2021/06/08 02:29:54 [notice] 1#1: worker process 31 exited with code 0
2021/06/08 02:29:54 [notice] 1#1: signal 29 (SIGIO) received
2021/06/08 02:29:54 [notice] 1#1: signal 17 (SIGCHLD) received from 33
2021/06/08 02:29:54 [notice] 1#1: worker process 33 exited with code 0
2021/06/08 02:29:54 [notice] 1#1: exit
2021/06/08 02:30:55 [notice] 1#1: using the "epoll" event method
2021/06/08 02:30:55 [notice] 1#1: nginx/1.21.0
2021/06/08 02:30:55 [notice] 1#1: built by gcc 8.3.0 (Debian 8.3.0-6) 
2021/06/08 02:30:55 [notice] 1#1: OS: Linux 4.19.121-linuxkit
2021/06/08 02:30:55 [notice] 1#1: getrlimit(RLIMIT_NOFILE): 1048576:1048576
2021/06/08 02:30:55 [notice] 1#1: start worker processes
2021/06/08 02:30:55 [notice] 1#1: start worker process 31
2021/06/08 02:30:55 [notice] 1#1: start worker process 32
2021/06/08 02:30:55 [notice] 1#1: start worker process 33
2021/06/08 02:31:04 [notice] 1#1: signal 3 (SIGQUIT) received, shutting down
2021/06/08 02:31:04 [notice] 31#31: gracefully shutting down
2021/06/08 02:31:04 [notice] 31#31: exiting
2021/06/08 02:31:04 [notice] 32#32: gracefully shutting down
2021/06/08 02:31:04 [notice] 33#33: gracefully shutting down
2021/06/08 02:31:04 [notice] 31#31: exit
2021/06/08 02:31:04 [notice] 32#32: exiting
2021/06/08 02:31:04 [notice] 33#33: exiting
2021/06/08 02:31:04 [notice] 32#32: exit
2021/06/08 02:31:04 [notice] 33#33: exit
2021/06/08 02:31:04 [notice] 1#1: signal 17 (SIGCHLD) received from 31
2021/06/08 02:31:04 [notice] 1#1: worker process 31 exited with code 0
2021/06/08 02:31:04 [notice] 1#1: signal 29 (SIGIO) received
2021/06/08 02:31:04 [notice] 1#1: signal 17 (SIGCHLD) received from 32
2021/06/08 02:31:04 [notice] 1#1: worker process 32 exited with code 0
2021/06/08 02:31:04 [notice] 1#1: worker process 33 exited with code 0
2021/06/08 02:31:04 [notice] 1#1: exit
2021/06/08 02:32:03 [notice] 1#1: using the "epoll" event method
2021/06/08 02:32:03 [notice] 1#1: nginx/1.21.0
2021/06/08 02:32:03 [notice] 1#1: built by gcc 8.3.0 (Debian 8.3.0-6) 
2021/06/08 02:32:03 [notice] 1#1: OS: Linux 4.19.121-linuxkit
2021/06/08 02:32:03 [notice] 1#1: getrlimit(RLIMIT_NOFILE): 1048576:1048576
2021/06/08 02:32:03 [notice] 1#1: start worker processes
2021/06/08 02:32:03 [notice] 1#1: start worker process 32
2021/06/08 02:32:03 [notice] 1#1: start worker process 33
2021/06/08 02:32:03 [notice] 1#1: start worker process 34
2021/06/08 02:32:10 [notice] 1#1: signal 3 (SIGQUIT) received, shutting down
2021/06/08 02:32:10 [notice] 32#32: gracefully shutting down
2021/06/08 02:32:10 [notice] 32#32: exiting
2021/06/08 02:32:10 [notice] 32#32: exit
2021/06/08 02:32:10 [notice] 34#34: gracefully shutting down
2021/06/08 02:32:10 [notice] 33#33: gracefully shutting down
2021/06/08 02:32:10 [notice] 34#34: exiting
2021/06/08 02:32:10 [notice] 33#33: exiting
2021/06/08 02:32:10 [notice] 33#33: exit
2021/06/08 02:32:10 [notice] 34#34: exit
2021/06/08 02:32:10 [notice] 1#1: signal 17 (SIGCHLD) received from 32
2021/06/08 02:32:10 [notice] 1#1: worker process 32 exited with code 0
2021/06/08 02:32:10 [notice] 1#1: signal 29 (SIGIO) received
2021/06/08 02:32:10 [notice] 1#1: signal 17 (SIGCHLD) received from 34
2021/06/08 02:32:10 [notice] 1#1: worker process 33 exited with code 0
2021/06/08 02:32:10 [notice] 1#1: worker process 34 exited with code 0
2021/06/08 02:32:10 [notice] 1#1: exit
2021/06/08 02:33:37 [notice] 1#1: using the "epoll" event method
2021/06/08 02:33:37 [notice] 1#1: nginx/1.21.0
2021/06/08 02:33:37 [notice] 1#1: built by gcc 8.3.0 (Debian 8.3.0-6) 
2021/06/08 02:33:37 [notice] 1#1: OS: Linux 4.19.121-linuxkit
2021/06/08 02:33:37 [notice] 1#1: getrlimit(RLIMIT_NOFILE): 1048576:1048576
2021/06/08 02:33:37 [notice] 1#1: start worker processes
2021/06/08 02:33:37 [notice] 1#1: start worker process 31
2021/06/08 02:33:37 [notice] 1#1: start worker process 32
2021/06/08 02:33:37 [notice] 1#1: start worker process 33
2021/06/08 02:33:45 [notice] 1#1: signal 3 (SIGQUIT) received, shutting down
2021/06/08 02:33:45 [notice] 31#31: gracefully shutting down
2021/06/08 02:33:45 [notice] 32#32: gracefully shutting down
2021/06/08 02:33:45 [notice] 32#32: exiting
2021/06/08 02:33:45 [notice] 33#33: gracefully shutting down
2021/06/08 02:33:45 [notice] 31#31: exiting
2021/06/08 02:33:45 [notice] 32#32: exit
2021/06/08 02:33:45 [notice] 33#33: exiting
2021/06/08 02:33:45 [notice] 31#31: exit
2021/06/08 02:33:45 [notice] 33#33: exit
2021/06/08 02:33:45 [notice] 1#1: signal 17 (SIGCHLD) received from 32
2021/06/08 02:33:45 [notice] 1#1: worker process 32 exited with code 0
2021/06/08 02:33:45 [notice] 1#1: signal 29 (SIGIO) received
2021/06/08 02:33:45 [notice] 1#1: signal 17 (SIGCHLD) received from 31
2021/06/08 02:33:45 [notice] 1#1: worker process 31 exited with code 0
2021/06/08 02:33:45 [notice] 1#1: worker process 33 exited with code 0
2021/06/08 02:33:45 [notice] 1#1: exit
2021/06/08 02:35:37 [notice] 1#1: using the "epoll" event method
2021/06/08 02:35:37 [notice] 1#1: nginx/1.21.0
2021/06/08 02:35:37 [notice] 1#1: built by gcc 8.3.0 (Debian 8.3.0-6) 
2021/06/08 02:35:37 [notice] 1#1: OS: Linux 4.19.121-linuxkit
2021/06/08 02:35:37 [notice] 1#1: getrlimit(RLIMIT_NOFILE): 1048576:1048576
2021/06/08 02:35:37 [notice] 1#1: start worker processes
2021/06/08 02:35:37 [notice] 1#1: start worker process 31
2021/06/08 02:35:37 [notice] 1#1: start worker process 32
2021/06/08 02:35:37 [notice] 1#1: start worker process 33
2021/06/08 02:35:45 [notice] 1#1: signal 3 (SIGQUIT) received, shutting down
2021/06/08 02:35:45 [notice] 31#31: gracefully shutting down
2021/06/08 02:35:45 [notice] 32#32: gracefully shutting down
2021/06/08 02:35:45 [notice] 33#33: gracefully shutting down
2021/06/08 02:35:45 [notice] 31#31: exiting
2021/06/08 02:35:45 [notice] 32#32: exiting
2021/06/08 02:35:45 [notice] 33#33: exiting
2021/06/08 02:35:45 [notice] 31#31: exit
2021/06/08 02:35:45 [notice] 32#32: exit
2021/06/08 02:35:45 [notice] 33#33: exit
2021/06/08 02:35:45 [notice] 1#1: signal 17 (SIGCHLD) received from 31
2021/06/08 02:35:45 [notice] 1#1: worker process 31 exited with code 0
2021/06/08 02:35:45 [notice] 1#1: worker process 32 exited with code 0
2021/06/08 02:35:45 [notice] 1#1: worker process 33 exited with code 0
2021/06/08 02:35:45 [notice] 1#1: exit
2021/06/08 02:37:36 [notice] 1#1: using the "epoll" event method
2021/06/08 02:37:36 [notice] 1#1: nginx/1.21.0
2021/06/08 02:37:36 [notice] 1#1: built by gcc 8.3.0 (Debian 8.3.0-6) 
2021/06/08 02:37:36 [notice] 1#1: OS: Linux 4.19.121-linuxkit
2021/06/08 02:37:36 [notice] 1#1: getrlimit(RLIMIT_NOFILE): 1048576:1048576
2021/06/08 02:37:36 [notice] 1#1: start worker processes
2021/06/08 02:37:36 [notice] 1#1: start worker process 30
2021/06/08 02:37:36 [notice] 1#1: start worker process 31
2021/06/08 02:37:36 [notice] 1#1: start worker process 32
2021/06/08 02:37:48 [notice] 1#1: signal 3 (SIGQUIT) received, shutting down
2021/06/08 02:37:48 [notice] 30#30: gracefully shutting down
2021/06/08 02:37:48 [notice] 31#31: gracefully shutting down
2021/06/08 02:37:48 [notice] 32#32: gracefully shutting down
2021/06/08 02:37:48 [notice] 30#30: exiting
2021/06/08 02:37:48 [notice] 31#31: exiting
2021/06/08 02:37:48 [notice] 32#32: exiting
2021/06/08 02:37:48 [notice] 30#30: exit
2021/06/08 02:37:48 [notice] 31#31: exit
2021/06/08 02:37:48 [notice] 32#32: exit
2021/06/08 02:37:48 [notice] 1#1: signal 17 (SIGCHLD) received from 30
2021/06/08 02:37:48 [notice] 1#1: worker process 30 exited with code 0
2021/06/08 02:37:48 [notice] 1#1: signal 29 (SIGIO) received
2021/06/08 02:37:48 [notice] 1#1: signal 17 (SIGCHLD) received from 32
2021/06/08 02:37:48 [notice] 1#1: worker process 31 exited with code 0
2021/06/08 02:37:48 [notice] 1#1: worker process 32 exited with code 0
2021/06/08 02:37:48 [notice] 1#1: exit
2021/06/08 02:40:35 [notice] 1#1: using the "epoll" event method
2021/06/08 02:40:35 [notice] 1#1: nginx/1.21.0
2021/06/08 02:40:35 [notice] 1#1: built by gcc 8.3.0 (Debian 8.3.0-6) 
2021/06/08 02:40:35 [notice] 1#1: OS: Linux 4.19.121-linuxkit
2021/06/08 02:40:35 [notice] 1#1: getrlimit(RLIMIT_NOFILE): 1048576:1048576
2021/06/08 02:40:35 [notice] 1#1: start worker processes
2021/06/08 02:40:35 [notice] 1#1: start worker process 31
2021/06/08 02:40:35 [notice] 1#1: start worker process 32
2021/06/08 02:40:35 [notice] 1#1: start worker process 33
2021/06/08 02:40:47 [notice] 1#1: signal 3 (SIGQUIT) received, shutting down
2021/06/08 02:40:47 [notice] 32#32: gracefully shutting down
2021/06/08 02:40:47 [notice] 31#31: gracefully shutting down
2021/06/08 02:40:47 [notice] 31#31: exiting
2021/06/08 02:40:47 [notice] 33#33: gracefully shutting down
2021/06/08 02:40:47 [notice] 32#32: exiting
2021/06/08 02:40:47 [notice] 31#31: exit
2021/06/08 02:40:47 [notice] 33#33: exiting
2021/06/08 02:40:47 [notice] 32#32: exit
2021/06/08 02:40:47 [notice] 33#33: exit
2021/06/08 02:40:47 [notice] 1#1: signal 17 (SIGCHLD) received from 32
2021/06/08 02:40:47 [notice] 1#1: worker process 31 exited with code 0
2021/06/08 02:40:47 [notice] 1#1: worker process 32 exited with code 0
2021/06/08 02:40:47 [notice] 1#1: signal 29 (SIGIO) received
2021/06/08 02:40:47 [notice] 1#1: signal 17 (SIGCHLD) received from 31
2021/06/08 02:40:47 [notice] 1#1: signal 17 (SIGCHLD) received from 33
2021/06/08 02:40:47 [notice] 1#1: worker process 33 exited with code 0
2021/06/08 02:40:47 [notice] 1#1: exit
2021/06/08 02:41:41 [notice] 1#1: using the "epoll" event method
2021/06/08 02:41:41 [notice] 1#1: nginx/1.21.0
2021/06/08 02:41:41 [notice] 1#1: built by gcc 8.3.0 (Debian 8.3.0-6) 
2021/06/08 02:41:41 [notice] 1#1: OS: Linux 4.19.121-linuxkit
2021/06/08 02:41:41 [notice] 1#1: getrlimit(RLIMIT_NOFILE): 1048576:1048576
2021/06/08 02:41:41 [notice] 1#1: start worker processes
2021/06/08 02:41:41 [notice] 1#1: start worker process 32
2021/06/08 02:41:41 [notice] 1#1: start worker process 33
2021/06/08 02:41:41 [notice] 1#1: start worker process 34
2021/06/08 02:41:46 [notice] 1#1: signal 3 (SIGQUIT) received, shutting down
2021/06/08 02:41:46 [notice] 32#32: gracefully shutting down
2021/06/08 02:41:46 [notice] 34#34: gracefully shutting down
2021/06/08 02:41:46 [notice] 33#33: gracefully shutting down
2021/06/08 02:41:46 [notice] 32#32: exiting
2021/06/08 02:41:46 [notice] 34#34: exiting
2021/06/08 02:41:46 [notice] 33#33: exiting
2021/06/08 02:41:46 [notice] 32#32: exit
2021/06/08 02:41:46 [notice] 34#34: exit
2021/06/08 02:41:46 [notice] 33#33: exit
2021/06/08 02:41:46 [notice] 1#1: signal 17 (SIGCHLD) received from 32
2021/06/08 02:41:46 [notice] 1#1: worker process 32 exited with code 0
2021/06/08 02:41:46 [notice] 1#1: signal 29 (SIGIO) received
2021/06/08 02:41:46 [notice] 1#1: signal 17 (SIGCHLD) received from 34
2021/06/08 02:41:46 [notice] 1#1: worker process 34 exited with code 0
2021/06/08 02:41:46 [notice] 1#1: signal 29 (SIGIO) received
2021/06/08 02:41:46 [notice] 1#1: signal 17 (SIGCHLD) received from 33
2021/06/08 02:41:46 [notice] 1#1: worker process 33 exited with code 0
2021/06/08 02:41:46 [notice] 1#1: exit
2021/06/08 02:43:39 [notice] 1#1: using the "epoll" event method
2021/06/08 02:43:39 [notice] 1#1: nginx/1.21.0
2021/06/08 02:43:39 [notice] 1#1: built by gcc 8.3.0 (Debian 8.3.0-6) 
2021/06/08 02:43:39 [notice] 1#1: OS: Linux 4.19.121-linuxkit
2021/06/08 02:43:39 [notice] 1#1: getrlimit(RLIMIT_NOFILE): 1048576:1048576
2021/06/08 02:43:39 [notice] 1#1: start worker processes
2021/06/08 02:43:39 [notice] 1#1: start worker process 33
2021/06/08 02:43:39 [notice] 1#1: start worker process 34
2021/06/08 02:43:39 [notice] 1#1: start worker process 35
2021/06/08 02:43:51 [notice] 1#1: signal 3 (SIGQUIT) received, shutting down
2021/06/08 02:43:51 [notice] 34#34: gracefully shutting down
2021/06/08 02:43:51 [notice] 34#34: exiting
2021/06/08 02:43:51 [notice] 33#33: gracefully shutting down
2021/06/08 02:43:51 [notice] 35#35: gracefully shutting down
2021/06/08 02:43:51 [notice] 34#34: exit
2021/06/08 02:43:51 [notice] 33#33: exiting
2021/06/08 02:43:51 [notice] 35#35: exiting
2021/06/08 02:43:51 [notice] 33#33: exit
2021/06/08 02:43:51 [notice] 35#35: exit
2021/06/08 02:43:51 [notice] 1#1: signal 17 (SIGCHLD) received from 34
2021/06/08 02:43:51 [notice] 1#1: worker process 34 exited with code 0
2021/06/08 02:43:51 [notice] 1#1: signal 29 (SIGIO) received
2021/06/08 02:43:51 [notice] 1#1: signal 17 (SIGCHLD) received from 33
2021/06/08 02:43:51 [notice] 1#1: worker process 33 exited with code 0
2021/06/08 02:43:51 [notice] 1#1: worker process 35 exited with code 0
2021/06/08 02:43:51 [notice] 1#1: exit
2021/06/08 02:45:08 [notice] 1#1: using the "epoll" event method
2021/06/08 02:45:08 [notice] 1#1: nginx/1.21.0
2021/06/08 02:45:08 [notice] 1#1: built by gcc 8.3.0 (Debian 8.3.0-6) 
2021/06/08 02:45:08 [notice] 1#1: OS: Linux 4.19.121-linuxkit
2021/06/08 02:45:08 [notice] 1#1: getrlimit(RLIMIT_NOFILE): 1048576:1048576
2021/06/08 02:45:08 [notice] 1#1: start worker processes
2021/06/08 02:45:08 [notice] 1#1: start worker process 31
2021/06/08 02:45:08 [notice] 1#1: start worker process 32
2021/06/08 02:45:08 [notice] 1#1: start worker process 33
2021/06/08 02:45:12 [notice] 1#1: signal 3 (SIGQUIT) received, shutting down
2021/06/08 02:45:12 [notice] 31#31: gracefully shutting down
2021/06/08 02:45:12 [notice] 32#32: gracefully shutting down
2021/06/08 02:45:12 [notice] 32#32: exiting
2021/06/08 02:45:12 [notice] 33#33: gracefully shutting down
2021/06/08 02:45:12 [notice] 31#31: exiting
2021/06/08 02:45:12 [notice] 32#32: exit
2021/06/08 02:45:12 [notice] 33#33: exiting
2021/06/08 02:45:12 [notice] 31#31: exit
2021/06/08 02:45:12 [notice] 33#33: exit
2021/06/08 02:45:12 [notice] 1#1: signal 17 (SIGCHLD) received from 32
2021/06/08 02:45:12 [notice] 1#1: worker process 31 exited with code 0
2021/06/08 02:45:12 [notice] 1#1: worker process 32 exited with code 0
2021/06/08 02:45:12 [notice] 1#1: worker process 33 exited with code 0
2021/06/08 02:45:12 [notice] 1#1: exit
2021/06/08 02:46:01 [notice] 1#1: using the "epoll" event method
2021/06/08 02:46:01 [notice] 1#1: nginx/1.21.0
2021/06/08 02:46:01 [notice] 1#1: built by gcc 8.3.0 (Debian 8.3.0-6) 
2021/06/08 02:46:01 [notice] 1#1: OS: Linux 4.19.121-linuxkit
2021/06/08 02:46:01 [notice] 1#1: getrlimit(RLIMIT_NOFILE): 1048576:1048576
2021/06/08 02:46:01 [notice] 1#1: start worker processes
2021/06/08 02:46:01 [notice] 1#1: start worker process 25
2021/06/08 02:46:01 [notice] 1#1: start worker process 26
2021/06/08 02:46:01 [notice] 1#1: start worker process 27
2021/06/08 02:46:59 [notice] 1#1: signal 3 (SIGQUIT) received, shutting down
2021/06/08 02:46:59 [notice] 26#26: gracefully shutting down
2021/06/08 02:46:59 [notice] 25#25: gracefully shutting down
2021/06/08 02:46:59 [notice] 27#27: gracefully shutting down
2021/06/08 02:46:59 [notice] 26#26: exiting
2021/06/08 02:46:59 [notice] 25#25: exiting
2021/06/08 02:46:59 [notice] 27#27: exiting
2021/06/08 02:46:59 [notice] 26#26: exit
2021/06/08 02:46:59 [notice] 25#25: exit
2021/06/08 02:46:59 [notice] 27#27: exit
2021/06/08 02:46:59 [notice] 1#1: signal 17 (SIGCHLD) received from 25
2021/06/08 02:46:59 [notice] 1#1: worker process 25 exited with code 0
2021/06/08 02:46:59 [notice] 1#1: worker process 26 exited with code 0
2021/06/08 02:46:59 [notice] 1#1: worker process 27 exited with code 0
2021/06/08 02:46:59 [notice] 1#1: exit
2021/06/08 02:49:54 [notice] 1#1: using the "epoll" event method
2021/06/08 02:49:54 [notice] 1#1: nginx/1.21.0
2021/06/08 02:49:54 [notice] 1#1: built by gcc 8.3.0 (Debian 8.3.0-6) 
2021/06/08 02:49:54 [notice] 1#1: OS: Linux 4.19.121-linuxkit
2021/06/08 02:49:54 [notice] 1#1: getrlimit(RLIMIT_NOFILE): 1048576:1048576
2021/06/08 02:49:54 [notice] 1#1: start worker processes
2021/06/08 02:49:54 [notice] 1#1: start worker process 31
2021/06/08 02:49:54 [notice] 1#1: start worker process 32
2021/06/08 02:49:54 [notice] 1#1: start worker process 33
2021/06/08 02:50:47 [notice] 1#1: signal 3 (SIGQUIT) received, shutting down
2021/06/08 02:50:47 [notice] 32#32: gracefully shutting down
2021/06/08 02:50:47 [notice] 31#31: gracefully shutting down
2021/06/08 02:50:47 [notice] 31#31: exiting
2021/06/08 02:50:47 [notice] 33#33: gracefully shutting down
2021/06/08 02:50:47 [notice] 32#32: exiting
2021/06/08 02:50:47 [notice] 31#31: exit
2021/06/08 02:50:47 [notice] 33#33: exiting
2021/06/08 02:50:47 [notice] 32#32: exit
2021/06/08 02:50:47 [notice] 33#33: exit
2021/06/08 02:50:47 [notice] 1#1: signal 17 (SIGCHLD) received from 32
2021/06/08 02:50:47 [notice] 1#1: worker process 31 exited with code 0
2021/06/08 02:50:47 [notice] 1#1: worker process 32 exited with code 0
2021/06/08 02:50:47 [notice] 1#1: signal 29 (SIGIO) received
2021/06/08 02:50:47 [notice] 1#1: signal 17 (SIGCHLD) received from 31
2021/06/08 02:50:47 [notice] 1#1: worker process 33 exited with code 0
2021/06/08 02:50:47 [notice] 1#1: exit
2021/06/08 02:51:19 [notice] 1#1: using the "epoll" event method
2021/06/08 02:51:19 [notice] 1#1: nginx/1.21.0
2021/06/08 02:51:19 [notice] 1#1: built by gcc 8.3.0 (Debian 8.3.0-6) 
2021/06/08 02:51:19 [notice] 1#1: OS: Linux 4.19.121-linuxkit
2021/06/08 02:51:19 [notice] 1#1: getrlimit(RLIMIT_NOFILE): 1048576:1048576
2021/06/08 02:51:19 [notice] 1#1: start worker processes
2021/06/08 02:51:19 [notice] 1#1: start worker process 33
2021/06/08 02:51:19 [notice] 1#1: start worker process 34
2021/06/08 02:51:19 [notice] 1#1: start worker process 35
2021/06/08 02:51:37 [notice] 1#1: signal 3 (SIGQUIT) received, shutting down
2021/06/08 02:51:37 [notice] 33#33: gracefully shutting down
2021/06/08 02:51:37 [notice] 33#33: exiting
2021/06/08 02:51:37 [notice] 35#35: gracefully shutting down
2021/06/08 02:51:37 [notice] 34#34: gracefully shutting down
2021/06/08 02:51:37 [notice] 33#33: exit
2021/06/08 02:51:37 [notice] 35#35: exiting
2021/06/08 02:51:37 [notice] 34#34: exiting
2021/06/08 02:51:37 [notice] 35#35: exit
2021/06/08 02:51:37 [notice] 34#34: exit
2021/06/08 02:51:37 [notice] 1#1: signal 17 (SIGCHLD) received from 33
2021/06/08 02:51:37 [notice] 1#1: worker process 33 exited with code 0
2021/06/08 02:51:37 [notice] 1#1: signal 29 (SIGIO) received
2021/06/08 02:51:37 [notice] 1#1: signal 17 (SIGCHLD) received from 34
2021/06/08 02:51:37 [notice] 1#1: worker process 34 exited with code 0
2021/06/08 02:51:37 [notice] 1#1: worker process 35 exited with code 0
2021/06/08 02:51:37 [notice] 1#1: exit
2021/06/08 02:52:10 [notice] 1#1: using the "epoll" event method
2021/06/08 02:52:10 [notice] 1#1: nginx/1.21.0
2021/06/08 02:52:10 [notice] 1#1: built by gcc 8.3.0 (Debian 8.3.0-6) 
2021/06/08 02:52:10 [notice] 1#1: OS: Linux 4.19.121-linuxkit
2021/06/08 02:52:10 [notice] 1#1: getrlimit(RLIMIT_NOFILE): 1048576:1048576
2021/06/08 02:52:10 [notice] 1#1: start worker processes
2021/06/08 02:52:10 [notice] 1#1: start worker process 33
2021/06/08 02:52:10 [notice] 1#1: start worker process 34
2021/06/08 02:52:10 [notice] 1#1: start worker process 35
2021/06/08 02:53:07 [notice] 1#1: signal 3 (SIGQUIT) received, shutting down
2021/06/08 02:53:07 [notice] 34#34: gracefully shutting down
2021/06/08 02:53:07 [notice] 34#34: exiting
2021/06/08 02:53:07 [notice] 33#33: gracefully shutting down
2021/06/08 02:53:07 [notice] 35#35: gracefully shutting down
2021/06/08 02:53:07 [notice] 34#34: exit
2021/06/08 02:53:07 [notice] 33#33: exiting
2021/06/08 02:53:07 [notice] 35#35: exiting
2021/06/08 02:53:07 [notice] 33#33: exit
2021/06/08 02:53:07 [notice] 35#35: exit
2021/06/08 02:53:07 [notice] 1#1: signal 17 (SIGCHLD) received from 33
2021/06/08 02:53:07 [notice] 1#1: worker process 33 exited with code 0
2021/06/08 02:53:07 [notice] 1#1: worker process 34 exited with code 0
2021/06/08 02:53:07 [notice] 1#1: signal 29 (SIGIO) received
2021/06/08 02:53:07 [notice] 1#1: signal 17 (SIGCHLD) received from 34
2021/06/08 02:53:07 [notice] 1#1: worker process 35 exited with code 0
2021/06/08 02:53:07 [notice] 1#1: exit
2021/06/08 02:53:41 [notice] 1#1: using the "epoll" event method
2021/06/08 02:53:41 [notice] 1#1: nginx/1.21.0
2021/06/08 02:53:41 [notice] 1#1: built by gcc 8.3.0 (Debian 8.3.0-6) 
2021/06/08 02:53:41 [notice] 1#1: OS: Linux 4.19.121-linuxkit
2021/06/08 02:53:41 [notice] 1#1: getrlimit(RLIMIT_NOFILE): 1048576:1048576
2021/06/08 02:53:41 [notice] 1#1: start worker processes
2021/06/08 02:53:41 [notice] 1#1: start worker process 32
2021/06/08 02:53:41 [notice] 1#1: start worker process 33
2021/06/08 02:53:41 [notice] 1#1: start worker process 34
2021/06/08 02:54:51 [notice] 1#1: signal 3 (SIGQUIT) received, shutting down
2021/06/08 02:54:51 [notice] 32#32: gracefully shutting down
2021/06/08 02:54:51 [notice] 33#33: gracefully shutting down
2021/06/08 02:54:51 [notice] 33#33: exiting
2021/06/08 02:54:51 [notice] 34#34: gracefully shutting down
2021/06/08 02:54:51 [notice] 32#32: exiting
2021/06/08 02:54:51 [notice] 33#33: exit
2021/06/08 02:54:51 [notice] 34#34: exiting
2021/06/08 02:54:51 [notice] 32#32: exit
2021/06/08 02:54:51 [notice] 34#34: exit
2021/06/08 02:54:51 [notice] 1#1: signal 17 (SIGCHLD) received from 33
2021/06/08 02:54:51 [notice] 1#1: worker process 33 exited with code 0
2021/06/08 02:54:51 [notice] 1#1: signal 29 (SIGIO) received
2021/06/08 02:54:51 [notice] 1#1: signal 17 (SIGCHLD) received from 32
2021/06/08 02:54:51 [notice] 1#1: worker process 32 exited with code 0
2021/06/08 02:54:51 [notice] 1#1: worker process 34 exited with code 0
2021/06/08 02:54:51 [notice] 1#1: exit
2021/06/08 02:56:53 [notice] 1#1: using the "epoll" event method
2021/06/08 02:56:53 [notice] 1#1: nginx/1.21.0
2021/06/08 02:56:53 [notice] 1#1: built by gcc 8.3.0 (Debian 8.3.0-6) 
2021/06/08 02:56:53 [notice] 1#1: OS: Linux 4.19.121-linuxkit
2021/06/08 02:56:53 [notice] 1#1: getrlimit(RLIMIT_NOFILE): 1048576:1048576
2021/06/08 02:56:53 [notice] 1#1: start worker processes
2021/06/08 02:56:53 [notice] 1#1: start worker process 32
2021/06/08 02:56:53 [notice] 1#1: start worker process 33
2021/06/08 02:56:53 [notice] 1#1: start worker process 34
2021/06/08 02:57:40 [notice] 1#1: signal 3 (SIGQUIT) received, shutting down
2021/06/08 02:57:40 [notice] 32#32: gracefully shutting down
2021/06/08 02:57:40 [notice] 34#34: gracefully shutting down
2021/06/08 02:57:40 [notice] 33#33: gracefully shutting down
2021/06/08 02:57:40 [notice] 32#32: exiting
2021/06/08 02:57:40 [notice] 34#34: exiting
2021/06/08 02:57:40 [notice] 33#33: exiting
2021/06/08 02:57:40 [notice] 32#32: exit
2021/06/08 02:57:40 [notice] 34#34: exit
2021/06/08 02:57:40 [notice] 33#33: exit
2021/06/08 02:57:40 [notice] 1#1: signal 17 (SIGCHLD) received from 33
2021/06/08 02:57:40 [notice] 1#1: worker process 32 exited with code 0
2021/06/08 02:57:40 [notice] 1#1: worker process 33 exited with code 0
2021/06/08 02:57:40 [notice] 1#1: worker process 34 exited with code 0
2021/06/08 02:57:40 [notice] 1#1: exit
2021/06/08 02:58:45 [notice] 1#1: using the "epoll" event method
2021/06/08 02:58:45 [notice] 1#1: nginx/1.21.0
2021/06/08 02:58:45 [notice] 1#1: built by gcc 8.3.0 (Debian 8.3.0-6) 
2021/06/08 02:58:45 [notice] 1#1: OS: Linux 4.19.121-linuxkit
2021/06/08 02:58:45 [notice] 1#1: getrlimit(RLIMIT_NOFILE): 1048576:1048576
2021/06/08 02:58:45 [notice] 1#1: start worker processes
2021/06/08 02:58:45 [notice] 1#1: start worker process 31
2021/06/08 02:58:45 [notice] 1#1: start worker process 32
2021/06/08 02:58:45 [notice] 1#1: start worker process 33
2021/06/08 03:00:07 [notice] 1#1: signal 3 (SIGQUIT) received, shutting down
2021/06/08 03:00:07 [notice] 32#32: gracefully shutting down
2021/06/08 03:00:07 [notice] 31#31: gracefully shutting down
2021/06/08 03:00:07 [notice] 33#33: gracefully shutting down
2021/06/08 03:00:07 [notice] 32#32: exiting
2021/06/08 03:00:07 [notice] 31#31: exiting
2021/06/08 03:00:07 [notice] 33#33: exiting
2021/06/08 03:00:07 [notice] 32#32: exit
2021/06/08 03:00:07 [notice] 31#31: exit
2021/06/08 03:00:07 [notice] 33#33: exit
2021/06/08 03:00:07 [notice] 1#1: signal 17 (SIGCHLD) received from 31
2021/06/08 03:00:07 [notice] 1#1: worker process 31 exited with code 0
2021/06/08 03:00:07 [notice] 1#1: worker process 32 exited with code 0
2021/06/08 03:00:07 [notice] 1#1: signal 29 (SIGIO) received
2021/06/08 03:00:07 [notice] 1#1: signal 17 (SIGCHLD) received from 33
2021/06/08 03:00:07 [notice] 1#1: worker process 33 exited with code 0
2021/06/08 03:00:07 [notice] 1#1: exit
2021/06/08 03:00:34 [notice] 1#1: using the "epoll" event method
2021/06/08 03:00:34 [notice] 1#1: nginx/1.21.0
2021/06/08 03:00:34 [notice] 1#1: built by gcc 8.3.0 (Debian 8.3.0-6) 
2021/06/08 03:00:34 [notice] 1#1: OS: Linux 4.19.121-linuxkit
2021/06/08 03:00:34 [notice] 1#1: getrlimit(RLIMIT_NOFILE): 1048576:1048576
2021/06/08 03:00:34 [notice] 1#1: start worker processes
2021/06/08 03:00:34 [notice] 1#1: start worker process 31
2021/06/08 03:00:34 [notice] 1#1: start worker process 32
2021/06/08 03:00:34 [notice] 1#1: start worker process 33
2021/06/08 03:01:24 [notice] 1#1: signal 3 (SIGQUIT) received, shutting down
2021/06/08 03:01:24 [notice] 33#33: gracefully shutting down
2021/06/08 03:01:24 [notice] 32#32: gracefully shutting down
2021/06/08 03:01:24 [notice] 31#31: gracefully shutting down
2021/06/08 03:01:24 [notice] 33#33: exiting
2021/06/08 03:01:24 [notice] 32#32: exiting
2021/06/08 03:01:24 [notice] 31#31: exiting
2021/06/08 03:01:24 [notice] 33#33: exit
2021/06/08 03:01:24 [notice] 32#32: exit
2021/06/08 03:01:24 [notice] 31#31: exit
2021/06/08 03:01:25 [notice] 1#1: signal 17 (SIGCHLD) received from 33
2021/06/08 03:01:25 [notice] 1#1: worker process 32 exited with code 0
2021/06/08 03:01:25 [notice] 1#1: worker process 33 exited with code 0
2021/06/08 03:01:25 [notice] 1#1: signal 29 (SIGIO) received
2021/06/08 03:01:25 [notice] 1#1: signal 17 (SIGCHLD) received from 32
2021/06/08 03:01:25 [notice] 1#1: signal 17 (SIGCHLD) received from 31
2021/06/08 03:01:25 [notice] 1#1: worker process 31 exited with code 0
2021/06/08 03:01:25 [notice] 1#1: exit
2021/06/08 03:02:35 [notice] 1#1: using the "epoll" event method
2021/06/08 03:02:35 [notice] 1#1: nginx/1.21.0
2021/06/08 03:02:35 [notice] 1#1: built by gcc 8.3.0 (Debian 8.3.0-6) 
2021/06/08 03:02:35 [notice] 1#1: OS: Linux 4.19.121-linuxkit
2021/06/08 03:02:35 [notice] 1#1: getrlimit(RLIMIT_NOFILE): 1048576:1048576
2021/06/08 03:02:35 [notice] 1#1: start worker processes
2021/06/08 03:02:35 [notice] 1#1: start worker process 33
2021/06/08 03:02:35 [notice] 1#1: start worker process 34
2021/06/08 03:02:35 [notice] 1#1: start worker process 35
2021/06/08 03:02:46 [notice] 1#1: signal 3 (SIGQUIT) received, shutting down
2021/06/08 03:02:46 [notice] 35#35: gracefully shutting down
2021/06/08 03:02:46 [notice] 35#35: exiting
2021/06/08 03:02:46 [notice] 33#33: gracefully shutting down
2021/06/08 03:02:46 [notice] 33#33: exiting
2021/06/08 03:02:46 [notice] 34#34: gracefully shutting down
2021/06/08 03:02:46 [notice] 35#35: exit
2021/06/08 03:02:46 [notice] 33#33: exit
2021/06/08 03:02:46 [notice] 34#34: exiting
2021/06/08 03:02:46 [notice] 34#34: exit
2021/06/08 03:02:46 [notice] 1#1: signal 17 (SIGCHLD) received from 35
2021/06/08 03:02:46 [notice] 1#1: worker process 35 exited with code 0
2021/06/08 03:02:46 [notice] 1#1: signal 29 (SIGIO) received
2021/06/08 03:02:46 [notice] 1#1: signal 17 (SIGCHLD) received from 33
2021/06/08 03:02:46 [notice] 1#1: worker process 33 exited with code 0
2021/06/08 03:02:46 [notice] 1#1: worker process 34 exited with code 0
2021/06/08 03:02:46 [notice] 1#1: exit
2021/06/08 03:03:21 [notice] 1#1: using the "epoll" event method
2021/06/08 03:03:21 [notice] 1#1: nginx/1.21.0
2021/06/08 03:03:21 [notice] 1#1: built by gcc 8.3.0 (Debian 8.3.0-6) 
2021/06/08 03:03:21 [notice] 1#1: OS: Linux 4.19.121-linuxkit
2021/06/08 03:03:21 [notice] 1#1: getrlimit(RLIMIT_NOFILE): 1048576:1048576
2021/06/08 03:03:21 [notice] 1#1: start worker processes
2021/06/08 03:03:21 [notice] 1#1: start worker process 31
2021/06/08 03:03:21 [notice] 1#1: start worker process 32
2021/06/08 03:03:21 [notice] 1#1: start worker process 33
2021/06/08 03:03:54 [notice] 1#1: signal 3 (SIGQUIT) received, shutting down
2021/06/08 03:03:54 [notice] 32#32: gracefully shutting down
2021/06/08 03:03:54 [notice] 31#31: gracefully shutting down
2021/06/08 03:03:54 [notice] 31#31: exiting
2021/06/08 03:03:54 [notice] 33#33: gracefully shutting down
2021/06/08 03:03:54 [notice] 32#32: exiting
2021/06/08 03:03:54 [notice] 31#31: exit
2021/06/08 03:03:54 [notice] 33#33: exiting
2021/06/08 03:03:54 [notice] 32#32: exit
2021/06/08 03:03:54 [notice] 33#33: exit
2021/06/08 03:03:54 [notice] 1#1: signal 17 (SIGCHLD) received from 31
2021/06/08 03:03:54 [notice] 1#1: worker process 31 exited with code 0
2021/06/08 03:03:54 [notice] 1#1: worker process 33 exited with code 0
2021/06/08 03:03:54 [notice] 1#1: signal 29 (SIGIO) received
2021/06/08 03:03:54 [notice] 1#1: signal 17 (SIGCHLD) received from 33
2021/06/08 03:03:54 [notice] 1#1: signal 17 (SIGCHLD) received from 32
2021/06/08 03:03:54 [notice] 1#1: worker process 32 exited with code 0
2021/06/08 03:03:54 [notice] 1#1: exit
2021/06/08 03:04:20 [notice] 1#1: using the "epoll" event method
2021/06/08 03:04:20 [notice] 1#1: nginx/1.21.0
2021/06/08 03:04:20 [notice] 1#1: built by gcc 8.3.0 (Debian 8.3.0-6) 
2021/06/08 03:04:20 [notice] 1#1: OS: Linux 4.19.121-linuxkit
2021/06/08 03:04:20 [notice] 1#1: getrlimit(RLIMIT_NOFILE): 1048576:1048576
2021/06/08 03:04:20 [notice] 1#1: start worker processes
2021/06/08 03:04:20 [notice] 1#1: start worker process 31
2021/06/08 03:04:20 [notice] 1#1: start worker process 32
2021/06/08 03:04:20 [notice] 1#1: start worker process 33
2021/06/08 03:04:23 [notice] 1#1: signal 3 (SIGQUIT) received, shutting down
2021/06/08 03:04:23 [notice] 32#32: gracefully shutting down
2021/06/08 03:04:23 [notice] 32#32: exiting
2021/06/08 03:04:23 [notice] 33#33: gracefully shutting down
2021/06/08 03:04:23 [notice] 31#31: gracefully shutting down
2021/06/08 03:04:23 [notice] 32#32: exit
2021/06/08 03:04:23 [notice] 33#33: exiting
2021/06/08 03:04:23 [notice] 31#31: exiting
2021/06/08 03:04:23 [notice] 33#33: exit
2021/06/08 03:04:23 [notice] 31#31: exit
2021/06/08 03:04:23 [notice] 1#1: signal 17 (SIGCHLD) received from 32
2021/06/08 03:04:23 [notice] 1#1: worker process 32 exited with code 0
2021/06/08 03:04:23 [notice] 1#1: signal 29 (SIGIO) received
2021/06/08 03:04:23 [notice] 1#1: signal 17 (SIGCHLD) received from 33
2021/06/08 03:04:23 [notice] 1#1: worker process 31 exited with code 0
2021/06/08 03:04:23 [notice] 1#1: worker process 33 exited with code 0
2021/06/08 03:04:23 [notice] 1#1: exit
2021/06/08 03:05:40 [notice] 1#1: using the "epoll" event method
2021/06/08 03:05:40 [notice] 1#1: nginx/1.21.0
2021/06/08 03:05:40 [notice] 1#1: built by gcc 8.3.0 (Debian 8.3.0-6) 
2021/06/08 03:05:40 [notice] 1#1: OS: Linux 4.19.121-linuxkit
2021/06/08 03:05:40 [notice] 1#1: getrlimit(RLIMIT_NOFILE): 1048576:1048576
2021/06/08 03:05:40 [notice] 1#1: start worker processes
2021/06/08 03:05:40 [notice] 1#1: start worker process 32
2021/06/08 03:05:40 [notice] 1#1: start worker process 33
2021/06/08 03:05:40 [notice] 1#1: start worker process 34
2021/06/08 03:05:58 [notice] 1#1: signal 3 (SIGQUIT) received, shutting down
2021/06/08 03:05:58 [notice] 33#33: gracefully shutting down
2021/06/08 03:05:58 [notice] 32#32: gracefully shutting down
2021/06/08 03:05:58 [notice] 32#32: exiting
2021/06/08 03:05:58 [notice] 34#34: gracefully shutting down
2021/06/08 03:05:58 [notice] 33#33: exiting
2021/06/08 03:05:58 [notice] 32#32: exit
2021/06/08 03:05:58 [notice] 34#34: exiting
2021/06/08 03:05:58 [notice] 33#33: exit
2021/06/08 03:05:58 [notice] 34#34: exit
2021/06/08 03:05:58 [notice] 1#1: signal 17 (SIGCHLD) received from 32
2021/06/08 03:05:58 [notice] 1#1: worker process 32 exited with code 0
2021/06/08 03:05:58 [notice] 1#1: signal 29 (SIGIO) received
2021/06/08 03:05:58 [notice] 1#1: signal 17 (SIGCHLD) received from 34
2021/06/08 03:05:58 [notice] 1#1: worker process 33 exited with code 0
2021/06/08 03:05:58 [notice] 1#1: worker process 34 exited with code 0
2021/06/08 03:05:58 [notice] 1#1: exit
2021/06/08 03:06:26 [notice] 1#1: using the "epoll" event method
2021/06/08 03:06:26 [notice] 1#1: nginx/1.21.0
2021/06/08 03:06:26 [notice] 1#1: built by gcc 8.3.0 (Debian 8.3.0-6) 
2021/06/08 03:06:26 [notice] 1#1: OS: Linux 4.19.121-linuxkit
2021/06/08 03:06:26 [notice] 1#1: getrlimit(RLIMIT_NOFILE): 1048576:1048576
2021/06/08 03:06:26 [notice] 1#1: start worker processes
2021/06/08 03:06:26 [notice] 1#1: start worker process 32
2021/06/08 03:06:26 [notice] 1#1: start worker process 33
2021/06/08 03:06:26 [notice] 1#1: start worker process 34
2021/06/08 03:07:29 [notice] 1#1: signal 3 (SIGQUIT) received, shutting down
2021/06/08 03:07:29 [notice] 33#33: gracefully shutting down
2021/06/08 03:07:29 [notice] 33#33: exiting
2021/06/08 03:07:29 [notice] 32#32: gracefully shutting down
2021/06/08 03:07:29 [notice] 32#32: exiting
2021/06/08 03:07:29 [notice] 34#34: gracefully shutting down
2021/06/08 03:07:29 [notice] 33#33: exit
2021/06/08 03:07:29 [notice] 32#32: exit
2021/06/08 03:07:29 [notice] 34#34: exiting
2021/06/08 03:07:29 [notice] 34#34: exit
2021/06/08 03:07:29 [notice] 1#1: signal 17 (SIGCHLD) received from 32
2021/06/08 03:07:29 [notice] 1#1: worker process 32 exited with code 0
2021/06/08 03:07:29 [notice] 1#1: signal 29 (SIGIO) received
2021/06/08 03:07:29 [notice] 1#1: signal 17 (SIGCHLD) received from 33
2021/06/08 03:07:29 [notice] 1#1: worker process 33 exited with code 0
2021/06/08 03:07:29 [notice] 1#1: signal 29 (SIGIO) received
2021/06/08 03:07:29 [notice] 1#1: signal 17 (SIGCHLD) received from 34
2021/06/08 03:07:29 [notice] 1#1: worker process 34 exited with code 0
2021/06/08 03:07:29 [notice] 1#1: exit
2021/06/08 03:51:32 [error] 15#15: *5 FastCGI sent in stderr: "PHP message: PHP Fatal error:  Uncaught Error: Call to undefined function getenv_docker() in /var/www/html/wp-config.php:22
Stack trace:
#0 /var/www/html/wp-load.php(37): require_once()
#1 /var/www/html/wp-blog-header.php(13): require_once('/var/www/html/w...')
#2 /var/www/html/index.php(17): require('/var/www/html/w...')
#3 {main}
  thrown in /var/www/html/wp-config.php on line 22" while reading response header from upstream, client: 172.23.0.1, server: jberegon.42.fr, request: "GET / HTTP/1.1", upstream: "fastcgi://172.23.0.3:9000", host: "localhost"
2021/06/08 04:23:56 [emerg] 1#1: host not found in upstream "wordpress" in /etc/nginx/sites-enabled/default:24
2021/06/08 04:23:57 [emerg] 1#1: host not found in upstream "wordpress" in /etc/nginx/sites-enabled/default:24
2021/06/08 04:23:57 [emerg] 1#1: host not found in upstream "wordpress" in /etc/nginx/sites-enabled/default:24
2021/06/08 04:23:58 [emerg] 1#1: host not found in upstream "wordpress" in /etc/nginx/sites-enabled/default:24
2021/06/08 04:24:00 [emerg] 1#1: host not found in upstream "wordpress" in /etc/nginx/sites-enabled/default:24
2021/06/08 04:24:02 [emerg] 1#1: host not found in upstream "wordpress" in /etc/nginx/sites-enabled/default:24
2021/06/08 04:24:06 [emerg] 1#1: host not found in upstream "wordpress" in /etc/nginx/sites-enabled/default:24
2021/06/08 04:24:13 [emerg] 1#1: host not found in upstream "wordpress" in /etc/nginx/sites-enabled/default:24
2021/06/08 04:24:26 [emerg] 1#1: host not found in upstream "wordpress" in /etc/nginx/sites-enabled/default:24
2021/06/08 04:24:52 [emerg] 1#1: host not found in upstream "wordpress" in /etc/nginx/sites-enabled/default:24
2021/06/08 04:25:44 [emerg] 1#1: host not found in upstream "wordpress" in /etc/nginx/sites-enabled/default:24
2021/06/08 09:28:07 [error] 15#15: *5 FastCGI sent in stderr: "PHP message: PHP Fatal error:  Uncaught Error: Call to undefined function getenv_docker() in /var/www/html/wp-config.php:22
Stack trace:
#0 /var/www/html/wp-load.php(37): require_once()
#1 /var/www/html/wp-blog-header.php(13): require_once('/var/www/html/w...')
#2 /var/www/html/index.php(17): require('/var/www/html/w...')
#3 {main}
  thrown in /var/www/html/wp-config.php on line 22" while reading response header from upstream, client: 172.24.0.1, server: jberegon.42.fr, request: "GET / HTTP/1.1", upstream: "fastcgi://172.24.0.3:9000", host: "localhost"
2021/06/08 09:28:12 [error] 15#15: *5 FastCGI sent in stderr: "PHP message: PHP Fatal error:  Uncaught Error: Call to undefined function getenv_docker() in /var/www/html/wp-config.php:22
Stack trace:
#0 /var/www/html/wp-load.php(37): require_once()
#1 /var/www/html/wp-blog-header.php(13): require_once('/var/www/html/w...')
#2 /var/www/html/index.php(17): require('/var/www/html/w...')
#3 {main}
  thrown in /var/www/html/wp-config.php on line 22" while reading response header from upstream, client: 172.24.0.1, server: jberegon.42.fr, request: "GET / HTTP/1.1", upstream: "fastcgi://172.24.0.3:9000", host: "localhost"
2021/06/08 09:29:54 [error] 15#15: *11 FastCGI sent in stderr: "PHP message: PHP Fatal error:  Uncaught Error: Call to undefined function getenv_docker() in /var/www/html/wp-config.php:22
Stack trace:
#0 /var/www/html/wp-load.php(37): require_once()
#1 /var/www/html/wp-blog-header.php(13): require_once('/var/www/html/w...')
#2 /var/www/html/index.php(17): require('/var/www/html/w...')
#3 {main}
  thrown in /var/www/html/wp-config.php on line 22" while reading response header from upstream, client: 172.24.0.1, server: jberegon.42.fr, request: "GET / HTTP/1.1", upstream: "fastcgi://172.24.0.3:9000", host: "localhost"
2021/06/08 09:29:55 [error] 15#15: *11 FastCGI sent in stderr: "PHP message: PHP Fatal error:  Uncaught Error: Call to undefined function getenv_docker() in /var/www/html/wp-config.php:22
Stack trace:
#0 /var/www/html/wp-load.php(37): require_once()
#1 /var/www/html/wp-blog-header.php(13): require_once('/var/www/html/w...')
#2 /var/www/html/index.php(17): require('/var/www/html/w...')
#3 {main}
  thrown in /var/www/html/wp-config.php on line 22" while reading response header from upstream, client: 172.24.0.1, server: jberegon.42.fr, request: "GET / HTTP/1.1", upstream: "fastcgi://172.24.0.3:9000", host: "localhost"
2021/06/08 09:30:17 [error] 15#15: *22 FastCGI sent in stderr: "PHP message: PHP Fatal error:  Uncaught Error: Call to undefined function getenv_docker() in /var/www/html/wp-config.php:22
Stack trace:
#0 /var/www/html/wp-load.php(37): require_once()
#1 /var/www/html/wp-blog-header.php(13): require_once('/var/www/html/w...')
#2 /var/www/html/index.php(17): require('/var/www/html/w...')
#3 {main}
  thrown in /var/www/html/wp-config.php on line 22" while reading response header from upstream, client: 172.24.0.1, server: jberegon.42.fr, request: "GET / HTTP/1.1", upstream: "fastcgi://172.24.0.3:9000", host: "127.0.0.1"
2021/06/08 11:28:28 [error] 16#16: *5 FastCGI sent in stderr: "PHP message: PHP Fatal error:  Uncaught Error: Call to undefined function getenv_docker() in /var/www/html/wp-config.php:22
Stack trace:
#0 /var/www/html/wp-load.php(37): require_once()
#1 /var/www/html/wp-blog-header.php(13): require_once('/var/www/html/w...')
#2 /var/www/html/index.php(17): require('/var/www/html/w...')
#3 {main}
  thrown in /var/www/html/wp-config.php on line 22" while reading response header from upstream, client: 192.168.160.1, server: jberegon.42.fr, request: "GET / HTTP/1.1", upstream: "fastcgi://192.168.160.3:9000", host: "localhost"
2021/06/08 11:59:40 [emerg] 1#1: host not found in upstream "wordpress" in /etc/nginx/sites-enabled/default:24
2021/06/08 11:59:47 [emerg] 1#1: host not found in upstream "wordpress" in /etc/nginx/sites-enabled/default:24
2021/06/08 11:59:54 [emerg] 1#1: host not found in upstream "wordpress" in /etc/nginx/sites-enabled/default:24
2021/06/08 12:00:00 [emerg] 1#1: host not found in upstream "wordpress" in /etc/nginx/sites-enabled/default:24
2021/06/08 12:00:07 [emerg] 1#1: host not found in upstream "wordpress" in /etc/nginx/sites-enabled/default:24
2021/06/08 12:00:15 [emerg] 1#1: host not found in upstream "wordpress" in /etc/nginx/sites-enabled/default:24
2021/06/08 12:00:24 [emerg] 1#1: host not found in upstream "wordpress" in /etc/nginx/sites-enabled/default:24
2021/06/08 12:01:40 [emerg] 1#1: unexpected ";" in /etc/nginx/sites-enabled/default:24
2021/06/08 12:01:46 [emerg] 1#1: unexpected ";" in /etc/nginx/sites-enabled/default:24
2021/06/08 12:01:53 [emerg] 1#1: unexpected ";" in /etc/nginx/sites-enabled/default:24
2021/06/08 12:02:00 [emerg] 1#1: unexpected ";" in /etc/nginx/sites-enabled/default:24
2021/06/08 12:02:07 [emerg] 1#1: unexpected ";" in /etc/nginx/sites-enabled/default:24
2021/06/08 12:02:15 [emerg] 1#1: unexpected ";" in /etc/nginx/sites-enabled/default:24
2021/06/08 12:02:24 [emerg] 1#1: unexpected ";" in /etc/nginx/sites-enabled/default:24
2021/06/08 12:02:37 [emerg] 1#1: unexpected ";" in /etc/nginx/sites-enabled/default:24
2021/06/08 12:02:56 [emerg] 1#1: unexpected ";" in /etc/nginx/sites-enabled/default:24
2021/06/08 13:02:05 [notice] 1#1: using the "epoll" event method
2021/06/08 13:02:05 [notice] 1#1: nginx/1.21.0
2021/06/08 13:02:05 [notice] 1#1: built by gcc 8.3.0 (Debian 8.3.0-6) 
2021/06/08 13:02:05 [notice] 1#1: OS: Linux 4.19.121-linuxkit
2021/06/08 13:02:05 [notice] 1#1: getrlimit(RLIMIT_NOFILE): 1048576:1048576
2021/06/08 13:02:05 [notice] 1#1: start worker processes
2021/06/08 13:02:05 [notice] 1#1: start worker process 33
2021/06/08 13:02:05 [notice] 1#1: start worker process 34
2021/06/08 13:02:05 [notice] 1#1: start worker process 35
2021/06/08 13:04:25 [notice] 1#1: signal 3 (SIGQUIT) received, shutting down
2021/06/08 13:04:25 [notice] 33#33: gracefully shutting down
2021/06/08 13:04:25 [notice] 35#35: gracefully shutting down
2021/06/08 13:04:25 [notice] 34#34: gracefully shutting down
2021/06/08 13:04:25 [notice] 33#33: exiting
2021/06/08 13:04:25 [notice] 35#35: exiting
2021/06/08 13:04:25 [notice] 34#34: exiting
2021/06/08 13:04:25 [notice] 33#33: exit
2021/06/08 13:04:25 [notice] 35#35: exit
2021/06/08 13:04:25 [notice] 34#34: exit
2021/06/08 13:04:25 [notice] 1#1: signal 17 (SIGCHLD) received from 35
2021/06/08 13:04:25 [notice] 1#1: worker process 33 exited with code 0
2021/06/08 13:04:25 [notice] 1#1: worker process 34 exited with code 0
2021/06/08 13:04:25 [notice] 1#1: worker process 35 exited with code 0
2021/06/08 13:04:25 [notice] 1#1: exit
